<?xml version="1.0" encoding="UTF-8"?>
<testng-results ignored="0" total="1" passed="1" failed="0" skipped="0">
  <reporter-output>
  </reporter-output>
  <suite started-at="2022-04-11T09:09:58 IST" name="Default suite" finished-at="2022-04-11T09:09:59 IST" duration-ms="315">
    <groups>
    </groups>
    <test started-at="2022-04-11T09:09:58 IST" name="Default test" finished-at="2022-04-11T09:09:59 IST" duration-ms="315">
      <class name="GoPadelTest.GoPadelTest">
        <test-method is-config="true" signature="suiteSetup()[pri:0, instance:GoPadelTest.GoPadelTest@2a2c13a8]" started-at="2022-04-11T09:09:50 IST" name="suiteSetup" finished-at="2022-04-11T09:09:58 IST" duration-ms="8522" status="PASS">
          <reporter-output>
          </reporter-output>
        </test-method> <!-- suiteSetup -->
        <test-method signature="PadelBranchesTest()[pri:0, instance:GoPadelTest.GoPadelTest@2a2c13a8]" started-at="2022-04-11T09:09:58 IST" name="PadelBranchesTest" finished-at="2022-04-11T09:09:59 IST" duration-ms="281" status="PASS">
          <reporter-output>
          </reporter-output>
        </test-method> <!-- PadelBranchesTest -->
        <test-method is-config="true" signature="suiteTearDown()[pri:0, instance:GoPadelTest.GoPadelTest@2a2c13a8]" started-at="2022-04-11T09:09:59 IST" name="suiteTearDown" finished-at="2022-04-11T09:09:59 IST" duration-ms="0" status="PASS">
          <reporter-output>
          </reporter-output>
        </test-method> <!-- suiteTearDown -->
      </class> <!-- GoPadelTest.GoPadelTest -->
    </test> <!-- Default test -->
  </suite> <!-- Default suite -->
</testng-results>
